[25/631] last=AlocacaoRecebimentoViews status=200 bytes=135 items=0 errs=2
[50/631] last=ContratosCompromissoGridViews status=500 bytes=438 items=0 errs=5
[75/631] last=AssuntoViews status=200 bytes=4768 items=1 errs=6
[100/631] last=ComarcaFavoritoViews status=200 bytes=131 items=0 errs=8
[125/631] last=CotacaoFornecedorViews status=200 bytes=133 items=0 errs=8
[150/631] last=EnvolvidoGridViews status=200 bytes=129 items=0 errs=9
[175/631] last=GerencialDemonstrativoViews status=200 bytes=485 items=5 errs=10
[200/631] last=JurFavoritoCasoViews status=200 bytes=131 items=0 errs=11
[225/631] last=PastaFisicaDocumentoViews status=200 bytes=136 items=0 errs=11
[250/631] last=PosicaoFinanceiraDespesaIncorridaViews status=200 bytes=3346 items=5 errs=12
[275/631] last=PrestacaoContaViews status=200 bytes=130 items=0 errs=13
[300/631] last=RelatorioPerfilViews status=200 bytes=131 items=0 errs=14
[325/631] last=ServicoViews status=200 bytes=123 items=0 errs=16
[350/631] last=RateioFaturaOriginalViews status=200 bytes=5004 items=5 errs=17
[375/631] last=TipoPrestacaoContasViews status=200 bytes=135 items=0 errs=17
[400/631] last=CidadeViews status=200 bytes=2433 items=5 errs=18
[425/631] last=TSIdiomaTipoAtividadeViews status=200 bytes=2287 items=5 errs=19
[450/631] last=PreFaturaClienteFavoritoViews status=200 bytes=140 items=0 errs=19
[475/631] last=JuroViews status=200 bytes=1516 items=3 errs=19
[500/631] last=CasoFavoritoViews status=200 bytes=5678 items=5 errs=20
[525/631] last=OportunidadeParticipacaoViews status=200 bytes=140 items=0 errs=21
[550/631] last=DicionarioModeloTelaViews status=200 bytes=2069 items=1 errs=21
[575/631] last=TipoAlocacaoViews status=200 bytes=128 items=0 errs=23
[600/631] last=ClassificacaoBairroViews status=200 bytes=1442 items=5 errs=23
[625/631] last=RegraSolicitacaoProfissionaisViews status=404 bytes=311 items=0 errs=33
[631/631] last=PreFaturaMargemContribuicaoResumoCasoViews status=200 bytes=2598 items=5 errs=33
Done. Errors: 33/631
