
>>> FaturaViews (filter on DataEmissao)
  [FaturaViews] skip=0 -> 94 rows (1.0s)
  total=94 status=200 err=None

>>> FaturaRedacaoViews (filter on DataEmissao)
  [FaturaRedacaoViews] skip=0 -> 94 rows (0.5s)
  total=94 status=200 err=None

>>> AlocacaoRecebimentoFaturaClienteJobViews (filter on DataRecebimento)
  total=None status=500 err={
  "result": {
    "error": true,
    "type": "general",
    "message": "A binary operator with incompatible types was detected. Found operand types 'Edm.DateTimeOffset' and 'Edm.DateTime' for operator kind 'GreaterThanOrEqual'.",
    "stackTrace": "ControllerName: AlocacaoRecebimentoFaturaCli

>>> AlocacaoRecebimentoFaturaClienteViews (filter on DataRecebimento)
  total=None status=500 err={
  "result": {
    "error": true,
    "type": "general",
    "message": "A binary operator with incompatible types was detected. Found operand types 'Edm.DateTimeOffset' and 'Edm.DateTime' for operator kind 'GreaterThanOrEqual'.",
    "stackTrace": "ControllerName: AlocacaoRecebimentoFaturaCli

>>> AprovacaoDespesaViews (filter on Data)
  [AprovacaoDespesaViews] skip=0 -> 0 rows (1.2s)
  total=0 status=200 err=None

>>> PreFaturaViews (filter on DataEmissao)
  [PreFaturaViews] skip=0 -> 70 rows (1.2s)
  total=70 status=200 err=None

>>> SaldoFaturaViews (filter on Data)
  [SaldoFaturaViews] skip=0 -> 122 rows (1.9s)
  total=122 status=200 err=None

>>> PosicaoFinanceiraResumoProfissionalViews AnoMes eq '2025-01'
  [PosicaoFinanceiraResumoProfissionalViews] skip=0 -> 500 rows (9.7s)
  [PosicaoFinanceiraResumoProfissionalViews] skip=500 -> 70 rows (1.0s)
  total=570 status=200

>>> PosicaoFinanceiraResumoProfissionalViews AnoMes eq '2025-02'
  [PosicaoFinanceiraResumoProfissionalViews] skip=0 -> 500 rows (0.9s)
  [PosicaoFinanceiraResumoProfissionalViews] skip=500 -> 95 rows (0.9s)
  total=595 status=200
