[50/631] last=CasoPastaFisicaViews count=0
[100/631] last=ComarcaFavoritoViews count=0
[150/631] last=EnvolvidoViews count=0
[200/631] last=ImportacaoPublicacaoViews count=0
[250/631] last=PosicaoFinanceiraPendenciaViews count=0
[300/631] last=RequisicaoMaterialAprovacaoViews count=0
[350/631] last=SolicitacaoPagamentoItemViews count=0
[400/631] last=TabelaPadraoViews count={
  "result": {
    "error": true,
    "type": "general",
    "message": "ORA-00942: table or view does not exist",
[450/631] last=CondicaoPagamentoViews count=5
[500/631] last=CasoFavoritoViews count=26
[550/631] last=LogSistemaViews count=509393
[600/631] last=FaturamentoOcorrenciaDicionarioViews count=10
[631/631] last=PreFaturaMargemContribuicaoResumoPreViews count=HTTPSConnectionPool(host='legaldesk.mbclaw.com.br', port=443): Read timed out. (read timeout=60)

With count: 575
Empty (count=0): 340
Non-empty: 235
Top 30 by count:
  LogSistemaViews                                                  509,393
  AcessoLogViews                                                   284,821
  LancamentoFinanceiroViews                                         71,614
  RevisaoTimesheetViews                                             55,603
  RevisaoTimesheetFixoViews                                         55,603
  TimesheetRevisaoViews                                             55,603
  TimesheetGrupoJuridicoViews                                       55,603
  RateioGerencialViews                                              33,911
  HonorarioCategoriaHistoricoViews                                  27,943
  PreFaturaMargemContribuicaoViews                                  25,120
  PreFaturaAcaoViews                                                20,313
  RateioFaturaProfissionalViews                                     19,606
  VaraViews                                                         15,116
  ComarcaViews                                                      13,245
  CidadeViews                                                       13,245
  ForoViews                                                         12,588
  RateioFaturaCasoViews                                              9,030
  PreFaturaCasoViews                                                 6,272
  ValorCotacaoViews                                                  5,877
  PreFaturaViews                                                     5,594
  PreFaturaResumoProfissionalViews                                   5,585
  PreFaturaProfissionalViews                                         5,557
  FaturaCasoViews                                                    5,070
  HonorarioHistoricoViews                                            4,268
  PreFaturaContratoViews                                             4,204
  FaturaRedacaoViews                                                 4,191
  FaturaViews                                                        4,191
  RateioViews                                                        4,191
  PreFaturaPagadorViews                                              4,160
  AssuntoCnjViews                                                    4,109
